INFO 2026-02-16 16:40:37,928 autoreload 55896 139020671852864 Watching for file changes with StatReloader
INFO 2026-02-16 16:42:35,421 autoreload 56062 137306084856128 Watching for file changes with StatReloader
WARNING 2026-02-16 16:42:36,013 log 56062 137304796923584 Not Found: /
WARNING 2026-02-16 16:42:36,015 log 56062 137304796923584 "GET / HTTP/1.1" 404 2802
INFO 2026-02-16 16:42:36,043 log 56062 137304796923584 "POST /api/events/ HTTP/1.1" 201 117
INFO 2026-02-16 16:42:36,101 log 56062 137304796923584 "GET /api/events/1/ HTTP/1.1" 200 136
INFO 2026-02-17 16:53:36,764 autoreload 6914 133563487580480 Watching for file changes with StatReloader
INFO 2026-02-17 17:03:23,985 log 6914 133562198492864 "POST /api/events/ HTTP/1.1" 201 127
WARNING 2026-02-17 17:07:55,879 log 6914 133562188003008 Method Not Allowed: /api/events/join/
INFO 2026-02-17 17:10:54,174 log 6914 133562177251008 "POST /api/events/ HTTP/1.1" 201 127
WARNING 2026-02-17 17:11:44,496 log 6914 133562177251008 Method Not Allowed: /api/events/join/
WARNING 2026-02-17 17:11:44,497 log 6914 133562177251008 "POST /api/events/join/ HTTP/1.1" 405 41
WARNING 2026-02-17 17:12:14,581 log 6914 133562177251008 Not Found: /api/attendees/1/
WARNING 2026-02-17 17:12:14,582 log 6914 133562177251008 "GET /api/attendees/1/ HTTP/1.1" 404 49
INFO 2026-02-17 17:13:13,870 autoreload 6914 133563487580480 /media/vijaipatange/New Volume/conference_ai/conference_ai/urls.py changed, reloading.
INFO 2026-02-17 17:13:16,559 autoreload 10156 130636863652160 Watching for file changes with StatReloader
WARNING 2026-02-17 17:14:18,358 log 10156 130635574642368 Method Not Allowed: /api/events/join/
INFO 2026-02-17 17:14:25,283 autoreload 10156 130636863652160 /media/vijaipatange/New Volume/conference_ai/conference_ai/urls.py changed, reloading.
INFO 2026-02-17 17:14:27,839 autoreload 10234 123176323076416 Watching for file changes with StatReloader
WARNING 2026-02-17 17:14:31,391 log 10234 123174964426432 Method Not Allowed: /api/events/join/
WARNING 2026-02-17 17:14:53,750 log 10234 123174953936576 Method Not Allowed: /api/events/join/
WARNING 2026-02-17 17:14:53,750 log 10234 123174953936576 "POST /api/events/join/ HTTP/1.1" 405 41
INFO 2026-02-17 17:15:32,612 autoreload 10234 123176323076416 /media/vijaipatange/New Volume/conference_ai/events/views.py changed, reloading.
INFO 2026-02-17 17:15:35,291 autoreload 10468 137505771438400 Watching for file changes with StatReloader
INFO 2026-02-17 17:15:41,931 autoreload 10468 137505771438400 /media/vijaipatange/New Volume/conference_ai/events/views.py changed, reloading.
INFO 2026-02-17 17:15:44,885 autoreload 10514 138225974055232 Watching for file changes with StatReloader
INFO 2026-02-17 17:15:46,436 autoreload 10514 138225974055232 /media/vijaipatange/New Volume/conference_ai/conference_ai/urls.py changed, reloading.
INFO 2026-02-17 17:15:49,037 autoreload 10541 132951793590592 Watching for file changes with StatReloader
INFO 2026-02-17 17:15:50,695 autoreload 10541 132951793590592 /media/vijaipatange/New Volume/conference_ai/conference_ai/urls.py changed, reloading.
INFO 2026-02-17 17:15:53,397 autoreload 10570 124201857687872 Watching for file changes with StatReloader
INFO 2026-02-17 17:16:31,157 autoreload 10570 124201857687872 /media/vijaipatange/New Volume/conference_ai/events/views.py changed, reloading.
INFO 2026-02-17 17:16:33,751 autoreload 10625 136964536652096 Watching for file changes with StatReloader
WARNING 2026-02-17 17:16:47,089 log 10625 136963246802624 Bad Request: /api/events/join/
WARNING 2026-02-17 17:16:47,091 log 10625 136963246802624 "POST /api/events/join/ HTTP/1.1" 400 86
INFO 2026-02-17 17:17:03,220 signals 10625 136963246802624 Generating embedding for attendee john@example.com
ERROR 2026-02-17 17:20:48,665 log 10625 136963017406144 Internal Server Error: /api/events/join/
Traceback (most recent call last):
  File "/media/vijaipatange/New Volume/conference_ai/venv/lib/python3.12/site-packages/django/db/backends/utils.py", line 105, in _execute
    return self.cursor.execute(sql, params)
           ^^^^^^^^^^^^^^^^^^^^^^^^^^^^^^^^
psycopg2.errors.UniqueViolation: duplicate key value violates unique constraint "auth_user_username_key"
DETAIL:  Key (username)=(john@example.com) already exists.


The above exception was the direct cause of the following exception:

Traceback (most recent call last):
  File "/media/vijaipatange/New Volume/conference_ai/venv/lib/python3.12/site-packages/django/core/handlers/exception.py", line 55, in inner
    response = get_response(request)
               ^^^^^^^^^^^^^^^^^^^^^
  File "/media/vijaipatange/New Volume/conference_ai/venv/lib/python3.12/site-packages/django/core/handlers/base.py", line 198, in _get_response
    response = wrapped_callback(request, *callback_args, **callback_kwargs)
               ^^^^^^^^^^^^^^^^^^^^^^^^^^^^^^^^^^^^^^^^^^^^^^^^^^^^^^^^^^^^
  File "/media/vijaipatange/New Volume/conference_ai/venv/lib/python3.12/site-packages/django/views/decorators/csrf.py", line 65, in _view_wrapper
    return view_func(request, *args, **kwargs)
           ^^^^^^^^^^^^^^^^^^^^^^^^^^^^^^^^^^^
  File "/media/vijaipatange/New Volume/conference_ai/venv/lib/python3.12/site-packages/rest_framework/viewsets.py", line 125, in view
    return self.dispatch(request, *args, **kwargs)
           ^^^^^^^^^^^^^^^^^^^^^^^^^^^^^^^^^^^^^^^
  File "/media/vijaipatange/New Volume/conference_ai/venv/lib/python3.12/site-packages/rest_framework/views.py", line 515, in dispatch
    response = self.handle_exception(exc)
               ^^^^^^^^^^^^^^^^^^^^^^^^^^
  File "/media/vijaipatange/New Volume/conference_ai/venv/lib/python3.12/site-packages/rest_framework/views.py", line 475, in handle_exception
    self.raise_uncaught_exception(exc)
  File "/media/vijaipatange/New Volume/conference_ai/venv/lib/python3.12/site-packages/rest_framework/views.py", line 486, in raise_uncaught_exception
    raise exc
  File "/media/vijaipatange/New Volume/conference_ai/venv/lib/python3.12/site-packages/rest_framework/views.py", line 512, in dispatch
    response = handler(request, *args, **kwargs)
               ^^^^^^^^^^^^^^^^^^^^^^^^^^^^^^^^^
  File "/media/vijaipatange/New Volume/conference_ai/events/views.py", line 127, in join
    attendee = serializer.save()
               ^^^^^^^^^^^^^^^^^
  File "/media/vijaipatange/New Volume/conference_ai/venv/lib/python3.12/site-packages/rest_framework/serializers.py", line 210, in save
    self.instance = self.create(validated_data)
                    ^^^^^^^^^^^^^^^^^^^^^^^^^^^
  File "/media/vijaipatange/New Volume/conference_ai/attendees/serializers.py", line 63, in create
    user = User.objects.create_user(
           ^^^^^^^^^^^^^^^^^^^^^^^^^
  File "/media/vijaipatange/New Volume/conference_ai/venv/lib/python3.12/site-packages/django/contrib/auth/models.py", line 175, in create_user
    return self._create_user(username, email, password, **extra_fields)
           ^^^^^^^^^^^^^^^^^^^^^^^^^^^^^^^^^^^^^^^^^^^^^^^^^^^^^^^^^^^^
  File "/media/vijaipatange/New Volume/conference_ai/venv/lib/python3.12/site-packages/django/contrib/auth/models.py", line 163, in _create_user
    user.save(using=self._db)
  File "/media/vijaipatange/New Volume/conference_ai/venv/lib/python3.12/site-packages/django/contrib/auth/base_user.py", line 62, in save
    super().save(**kwargs)
  File "/media/vijaipatange/New Volume/conference_ai/venv/lib/python3.12/site-packages/django/db/models/base.py", line 874, in save
    self.save_base(
  File "/media/vijaipatange/New Volume/conference_ai/venv/lib/python3.12/site-packages/django/db/models/base.py", line 966, in save_base
    updated = self._save_table(
              ^^^^^^^^^^^^^^^^^
  File "/media/vijaipatange/New Volume/conference_ai/venv/lib/python3.12/site-packages/django/db/models/base.py", line 1169, in _save_table
    results = self._do_insert(
              ^^^^^^^^^^^^^^^^
  File "/media/vijaipatange/New Volume/conference_ai/venv/lib/python3.12/site-packages/django/db/models/base.py", line 1220, in _do_insert
    return manager._insert(
           ^^^^^^^^^^^^^^^^
  File "/media/vijaipatange/New Volume/conference_ai/venv/lib/python3.12/site-packages/django/db/models/manager.py", line 87, in manager_method
    return getattr(self.get_queryset(), name)(*args, **kwargs)
           ^^^^^^^^^^^^^^^^^^^^^^^^^^^^^^^^^^^^^^^^^^^^^^^^^^^
  File "/media/vijaipatange/New Volume/conference_ai/venv/lib/python3.12/site-packages/django/db/models/query.py", line 1918, in _insert
    return query.get_compiler(using=using).execute_sql(returning_fields)
           ^^^^^^^^^^^^^^^^^^^^^^^^^^^^^^^^^^^^^^^^^^^^^^^^^^^^^^^^^^^^^
  File "/media/vijaipatange/New Volume/conference_ai/venv/lib/python3.12/site-packages/django/db/models/sql/compiler.py", line 1925, in execute_sql
    cursor.execute(sql, params)
  File "/media/vijaipatange/New Volume/conference_ai/venv/lib/python3.12/site-packages/django/db/backends/utils.py", line 122, in execute
    return super().execute(sql, params)
           ^^^^^^^^^^^^^^^^^^^^^^^^^^^^
  File "/media/vijaipatange/New Volume/conference_ai/venv/lib/python3.12/site-packages/django/db/backends/utils.py", line 79, in execute
    return self._execute_with_wrappers(
           ^^^^^^^^^^^^^^^^^^^^^^^^^^^^
  File "/media/vijaipatange/New Volume/conference_ai/venv/lib/python3.12/site-packages/django/db/backends/utils.py", line 92, in _execute_with_wrappers
    return executor(sql, params, many, context)
           ^^^^^^^^^^^^^^^^^^^^^^^^^^^^^^^^^^^^
  File "/media/vijaipatange/New Volume/conference_ai/venv/lib/python3.12/site-packages/django/db/backends/utils.py", line 100, in _execute
    with self.db.wrap_database_errors:
  File "/media/vijaipatange/New Volume/conference_ai/venv/lib/python3.12/site-packages/django/db/utils.py", line 94, in __exit__
    raise dj_exc_value.with_traceback(traceback) from exc_value
  File "/media/vijaipatange/New Volume/conference_ai/venv/lib/python3.12/site-packages/django/db/backends/utils.py", line 105, in _execute
    return self.cursor.execute(sql, params)
           ^^^^^^^^^^^^^^^^^^^^^^^^^^^^^^^^
django.db.utils.IntegrityError: duplicate key value violates unique constraint "auth_user_username_key"
DETAIL:  Key (username)=(john@example.com) already exists.

ERROR 2026-02-17 17:20:48,679 log 10625 136963017406144 "POST /api/events/join/ HTTP/1.1" 500 207802
INFO 2026-02-17 17:21:40,737 autoreload 11883 137816690991424 Watching for file changes with StatReloader
ERROR 2026-02-17 17:21:51,719 log 11883 137815401580224 Internal Server Error: /api/events/join/
Traceback (most recent call last):
  File "/media/vijaipatange/New Volume/conference_ai/venv/lib/python3.12/site-packages/django/db/backends/utils.py", line 105, in _execute
    return self.cursor.execute(sql, params)
           ^^^^^^^^^^^^^^^^^^^^^^^^^^^^^^^^
psycopg2.errors.UniqueViolation: duplicate key value violates unique constraint "auth_user_username_key"
DETAIL:  Key (username)=(john@example.com) already exists.


The above exception was the direct cause of the following exception:

Traceback (most recent call last):
  File "/media/vijaipatange/New Volume/conference_ai/venv/lib/python3.12/site-packages/django/core/handlers/exception.py", line 55, in inner
    response = get_response(request)
               ^^^^^^^^^^^^^^^^^^^^^
  File "/media/vijaipatange/New Volume/conference_ai/venv/lib/python3.12/site-packages/django/core/handlers/base.py", line 198, in _get_response
    response = wrapped_callback(request, *callback_args, **callback_kwargs)
               ^^^^^^^^^^^^^^^^^^^^^^^^^^^^^^^^^^^^^^^^^^^^^^^^^^^^^^^^^^^^
  File "/media/vijaipatange/New Volume/conference_ai/venv/lib/python3.12/site-packages/django/views/decorators/csrf.py", line 65, in _view_wrapper
    return view_func(request, *args, **kwargs)
           ^^^^^^^^^^^^^^^^^^^^^^^^^^^^^^^^^^^
  File "/media/vijaipatange/New Volume/conference_ai/venv/lib/python3.12/site-packages/rest_framework/viewsets.py", line 125, in view
    return self.dispatch(request, *args, **kwargs)
           ^^^^^^^^^^^^^^^^^^^^^^^^^^^^^^^^^^^^^^^
  File "/media/vijaipatange/New Volume/conference_ai/venv/lib/python3.12/site-packages/rest_framework/views.py", line 515, in dispatch
    response = self.handle_exception(exc)
               ^^^^^^^^^^^^^^^^^^^^^^^^^^
  File "/media/vijaipatange/New Volume/conference_ai/venv/lib/python3.12/site-packages/rest_framework/views.py", line 475, in handle_exception
    self.raise_uncaught_exception(exc)
  File "/media/vijaipatange/New Volume/conference_ai/venv/lib/python3.12/site-packages/rest_framework/views.py", line 486, in raise_uncaught_exception
    raise exc
  File "/media/vijaipatange/New Volume/conference_ai/venv/lib/python3.12/site-packages/rest_framework/views.py", line 512, in dispatch
    response = handler(request, *args, **kwargs)
               ^^^^^^^^^^^^^^^^^^^^^^^^^^^^^^^^^
  File "/media/vijaipatange/New Volume/conference_ai/events/views.py", line 127, in join
    attendee = serializer.save()
               ^^^^^^^^^^^^^^^^^
  File "/media/vijaipatange/New Volume/conference_ai/venv/lib/python3.12/site-packages/rest_framework/serializers.py", line 210, in save
    self.instance = self.create(validated_data)
                    ^^^^^^^^^^^^^^^^^^^^^^^^^^^
  File "/media/vijaipatange/New Volume/conference_ai/attendees/serializers.py", line 63, in create
    user = User.objects.create_user(
           ^^^^^^^^^^^^^^^^^^^^^^^^^
  File "/media/vijaipatange/New Volume/conference_ai/venv/lib/python3.12/site-packages/django/contrib/auth/models.py", line 175, in create_user
    return self._create_user(username, email, password, **extra_fields)
           ^^^^^^^^^^^^^^^^^^^^^^^^^^^^^^^^^^^^^^^^^^^^^^^^^^^^^^^^^^^^
  File "/media/vijaipatange/New Volume/conference_ai/venv/lib/python3.12/site-packages/django/contrib/auth/models.py", line 163, in _create_user
    user.save(using=self._db)
  File "/media/vijaipatange/New Volume/conference_ai/venv/lib/python3.12/site-packages/django/contrib/auth/base_user.py", line 62, in save
    super().save(**kwargs)
  File "/media/vijaipatange/New Volume/conference_ai/venv/lib/python3.12/site-packages/django/db/models/base.py", line 874, in save
    self.save_base(
  File "/media/vijaipatange/New Volume/conference_ai/venv/lib/python3.12/site-packages/django/db/models/base.py", line 966, in save_base
    updated = self._save_table(
              ^^^^^^^^^^^^^^^^^
  File "/media/vijaipatange/New Volume/conference_ai/venv/lib/python3.12/site-packages/django/db/models/base.py", line 1169, in _save_table
    results = self._do_insert(
              ^^^^^^^^^^^^^^^^
  File "/media/vijaipatange/New Volume/conference_ai/venv/lib/python3.12/site-packages/django/db/models/base.py", line 1220, in _do_insert
    return manager._insert(
           ^^^^^^^^^^^^^^^^
  File "/media/vijaipatange/New Volume/conference_ai/venv/lib/python3.12/site-packages/django/db/models/manager.py", line 87, in manager_method
    return getattr(self.get_queryset(), name)(*args, **kwargs)
           ^^^^^^^^^^^^^^^^^^^^^^^^^^^^^^^^^^^^^^^^^^^^^^^^^^^
  File "/media/vijaipatange/New Volume/conference_ai/venv/lib/python3.12/site-packages/django/db/models/query.py", line 1918, in _insert
    return query.get_compiler(using=using).execute_sql(returning_fields)
           ^^^^^^^^^^^^^^^^^^^^^^^^^^^^^^^^^^^^^^^^^^^^^^^^^^^^^^^^^^^^^
  File "/media/vijaipatange/New Volume/conference_ai/venv/lib/python3.12/site-packages/django/db/models/sql/compiler.py", line 1925, in execute_sql
    cursor.execute(sql, params)
  File "/media/vijaipatange/New Volume/conference_ai/venv/lib/python3.12/site-packages/django/db/backends/utils.py", line 122, in execute
    return super().execute(sql, params)
           ^^^^^^^^^^^^^^^^^^^^^^^^^^^^
  File "/media/vijaipatange/New Volume/conference_ai/venv/lib/python3.12/site-packages/django/db/backends/utils.py", line 79, in execute
    return self._execute_with_wrappers(
           ^^^^^^^^^^^^^^^^^^^^^^^^^^^^
  File "/media/vijaipatange/New Volume/conference_ai/venv/lib/python3.12/site-packages/django/db/backends/utils.py", line 92, in _execute_with_wrappers
    return executor(sql, params, many, context)
           ^^^^^^^^^^^^^^^^^^^^^^^^^^^^^^^^^^^^
  File "/media/vijaipatange/New Volume/conference_ai/venv/lib/python3.12/site-packages/django/db/backends/utils.py", line 100, in _execute
    with self.db.wrap_database_errors:
  File "/media/vijaipatange/New Volume/conference_ai/venv/lib/python3.12/site-packages/django/db/utils.py", line 94, in __exit__
    raise dj_exc_value.with_traceback(traceback) from exc_value
  File "/media/vijaipatange/New Volume/conference_ai/venv/lib/python3.12/site-packages/django/db/backends/utils.py", line 105, in _execute
    return self.cursor.execute(sql, params)
           ^^^^^^^^^^^^^^^^^^^^^^^^^^^^^^^^
django.db.utils.IntegrityError: duplicate key value violates unique constraint "auth_user_username_key"
DETAIL:  Key (username)=(john@example.com) already exists.

ERROR 2026-02-17 17:21:51,726 log 11883 137815401580224 "POST /api/events/join/ HTTP/1.1" 500 207810
INFO 2026-02-17 17:24:35,159 signals 11883 137815380903616 Generating embedding for attendee john3@example.com
INFO 2026-02-17 17:30:54,550 services 11883 137815380903616 InsightFace model loaded successfully
INFO 2026-02-17 17:30:56,633 services 11883 137815380903616 Generated embedding for /media/vijaipatange/New Volume/conference_ai/media/selfies/photo-1507003211169-0a1dd7228f2d_MINEhtB.jpeg
INFO 2026-02-17 17:30:56,696 signals 11883 137815380903616 Embedding saved for attendee john3@example.com
ERROR 2026-02-17 17:30:56,814 log 11883 137815380903616 Internal Server Error: /api/events/join/
Traceback (most recent call last):
  File "/media/vijaipatange/New Volume/conference_ai/venv/lib/python3.12/site-packages/django/core/handlers/exception.py", line 55, in inner
    response = get_response(request)
               ^^^^^^^^^^^^^^^^^^^^^
  File "/media/vijaipatange/New Volume/conference_ai/venv/lib/python3.12/site-packages/django/core/handlers/base.py", line 198, in _get_response
    response = wrapped_callback(request, *callback_args, **callback_kwargs)
               ^^^^^^^^^^^^^^^^^^^^^^^^^^^^^^^^^^^^^^^^^^^^^^^^^^^^^^^^^^^^
  File "/media/vijaipatange/New Volume/conference_ai/venv/lib/python3.12/site-packages/django/views/decorators/csrf.py", line 65, in _view_wrapper
    return view_func(request, *args, **kwargs)
           ^^^^^^^^^^^^^^^^^^^^^^^^^^^^^^^^^^^
  File "/media/vijaipatange/New Volume/conference_ai/venv/lib/python3.12/site-packages/rest_framework/viewsets.py", line 125, in view
    return self.dispatch(request, *args, **kwargs)
           ^^^^^^^^^^^^^^^^^^^^^^^^^^^^^^^^^^^^^^^
  File "/media/vijaipatange/New Volume/conference_ai/venv/lib/python3.12/site-packages/rest_framework/views.py", line 515, in dispatch
    response = self.handle_exception(exc)
               ^^^^^^^^^^^^^^^^^^^^^^^^^^
  File "/media/vijaipatange/New Volume/conference_ai/venv/lib/python3.12/site-packages/rest_framework/views.py", line 475, in handle_exception
    self.raise_uncaught_exception(exc)
  File "/media/vijaipatange/New Volume/conference_ai/venv/lib/python3.12/site-packages/rest_framework/views.py", line 486, in raise_uncaught_exception
    raise exc
  File "/media/vijaipatange/New Volume/conference_ai/venv/lib/python3.12/site-packages/rest_framework/views.py", line 512, in dispatch
    response = handler(request, *args, **kwargs)
               ^^^^^^^^^^^^^^^^^^^^^^^^^^^^^^^^^
  File "/media/vijaipatange/New Volume/conference_ai/events/views.py", line 129, in join
    return Response(response_serializer.data, status=status.HTTP_201_CREATED)
                    ^^^^^^^^^^^^^^^^^^^^^^^^
  File "/media/vijaipatange/New Volume/conference_ai/venv/lib/python3.12/site-packages/rest_framework/serializers.py", line 573, in data
    ret = super().data
          ^^^^^^^^^^^^
  File "/media/vijaipatange/New Volume/conference_ai/venv/lib/python3.12/site-packages/rest_framework/serializers.py", line 251, in data
    self._data = self.to_representation(self.instance)
                 ^^^^^^^^^^^^^^^^^^^^^^^^^^^^^^^^^^^^^
  File "/media/vijaipatange/New Volume/conference_ai/venv/lib/python3.12/site-packages/rest_framework/serializers.py", line 525, in to_representation
    for field in fields:
  File "/media/vijaipatange/New Volume/conference_ai/venv/lib/python3.12/site-packages/rest_framework/serializers.py", line 386, in _readable_fields
    for field in self.fields.values():
                 ^^^^^^^^^^^
  File "/media/vijaipatange/New Volume/conference_ai/venv/lib/python3.12/site-packages/django/utils/functional.py", line 47, in __get__
    res = instance.__dict__[self.name] = self.func(instance)
                                         ^^^^^^^^^^^^^^^^^^^
  File "/media/vijaipatange/New Volume/conference_ai/venv/lib/python3.12/site-packages/rest_framework/serializers.py", line 374, in fields
    for key, value in self.get_fields().items():
                      ^^^^^^^^^^^^^^^^^
  File "/media/vijaipatange/New Volume/conference_ai/venv/lib/python3.12/site-packages/rest_framework/serializers.py", line 1105, in get_fields
    field_class, field_kwargs = self.build_field(
                                ^^^^^^^^^^^^^^^^^
  File "/media/vijaipatange/New Volume/conference_ai/venv/lib/python3.12/site-packages/rest_framework/serializers.py", line 1251, in build_field
    return self.build_unknown_field(field_name, model_class)
           ^^^^^^^^^^^^^^^^^^^^^^^^^^^^^^^^^^^^^^^^^^^^^^^^^
  File "/media/vijaipatange/New Volume/conference_ai/venv/lib/python3.12/site-packages/rest_framework/serializers.py", line 1369, in build_unknown_field
    raise ImproperlyConfigured(
django.core.exceptions.ImproperlyConfigured: Field name `created_at` is not valid for model `Attendee` in `attendees.serializers.AttendeeDetailSerializer`.
ERROR 2026-02-17 17:30:56,819 log 11883 137815380903616 "POST /api/events/join/ HTTP/1.1" 500 152389
INFO 2026-02-17 17:33:29,595 autoreload 11883 137816690991424 /media/vijaipatange/New Volume/conference_ai/attendees/models.py changed, reloading.
INFO 2026-02-17 17:33:36,682 autoreload 13706 127395218702656 Watching for file changes with StatReloader
INFO 2026-02-17 17:36:27,685 autoreload 14151 125419200471360 Watching for file changes with StatReloader
ERROR 2026-02-17 17:37:02,284 log 14151 125417911371456 Internal Server Error: /api/events/join/
Traceback (most recent call last):
  File "/media/vijaipatange/New Volume/conference_ai/venv/lib/python3.12/site-packages/django/db/backends/utils.py", line 105, in _execute
    return self.cursor.execute(sql, params)
           ^^^^^^^^^^^^^^^^^^^^^^^^^^^^^^^^
psycopg2.errors.UniqueViolation: duplicate key value violates unique constraint "auth_user_username_key"
DETAIL:  Key (username)=(john3@example.com) already exists.


The above exception was the direct cause of the following exception:

Traceback (most recent call last):
  File "/media/vijaipatange/New Volume/conference_ai/venv/lib/python3.12/site-packages/django/core/handlers/exception.py", line 55, in inner
    response = get_response(request)
               ^^^^^^^^^^^^^^^^^^^^^
  File "/media/vijaipatange/New Volume/conference_ai/venv/lib/python3.12/site-packages/django/core/handlers/base.py", line 198, in _get_response
    response = wrapped_callback(request, *callback_args, **callback_kwargs)
               ^^^^^^^^^^^^^^^^^^^^^^^^^^^^^^^^^^^^^^^^^^^^^^^^^^^^^^^^^^^^
  File "/media/vijaipatange/New Volume/conference_ai/venv/lib/python3.12/site-packages/django/views/decorators/csrf.py", line 65, in _view_wrapper
    return view_func(request, *args, **kwargs)
           ^^^^^^^^^^^^^^^^^^^^^^^^^^^^^^^^^^^
  File "/media/vijaipatange/New Volume/conference_ai/venv/lib/python3.12/site-packages/rest_framework/viewsets.py", line 125, in view
    return self.dispatch(request, *args, **kwargs)
           ^^^^^^^^^^^^^^^^^^^^^^^^^^^^^^^^^^^^^^^
  File "/media/vijaipatange/New Volume/conference_ai/venv/lib/python3.12/site-packages/rest_framework/views.py", line 515, in dispatch
    response = self.handle_exception(exc)
               ^^^^^^^^^^^^^^^^^^^^^^^^^^
  File "/media/vijaipatange/New Volume/conference_ai/venv/lib/python3.12/site-packages/rest_framework/views.py", line 475, in handle_exception
    self.raise_uncaught_exception(exc)
  File "/media/vijaipatange/New Volume/conference_ai/venv/lib/python3.12/site-packages/rest_framework/views.py", line 486, in raise_uncaught_exception
    raise exc
  File "/media/vijaipatange/New Volume/conference_ai/venv/lib/python3.12/site-packages/rest_framework/views.py", line 512, in dispatch
    response = handler(request, *args, **kwargs)
               ^^^^^^^^^^^^^^^^^^^^^^^^^^^^^^^^^
  File "/media/vijaipatange/New Volume/conference_ai/events/views.py", line 127, in join
    attendee = serializer.save()
               ^^^^^^^^^^^^^^^^^
  File "/media/vijaipatange/New Volume/conference_ai/venv/lib/python3.12/site-packages/rest_framework/serializers.py", line 210, in save
    self.instance = self.create(validated_data)
                    ^^^^^^^^^^^^^^^^^^^^^^^^^^^
  File "/media/vijaipatange/New Volume/conference_ai/attendees/serializers.py", line 63, in create
    user = User.objects.create_user(
           ^^^^^^^^^^^^^^^^^^^^^^^^^
  File "/media/vijaipatange/New Volume/conference_ai/venv/lib/python3.12/site-packages/django/contrib/auth/models.py", line 175, in create_user
    return self._create_user(username, email, password, **extra_fields)
           ^^^^^^^^^^^^^^^^^^^^^^^^^^^^^^^^^^^^^^^^^^^^^^^^^^^^^^^^^^^^
  File "/media/vijaipatange/New Volume/conference_ai/venv/lib/python3.12/site-packages/django/contrib/auth/models.py", line 163, in _create_user
    user.save(using=self._db)
  File "/media/vijaipatange/New Volume/conference_ai/venv/lib/python3.12/site-packages/django/contrib/auth/base_user.py", line 62, in save
    super().save(**kwargs)
  File "/media/vijaipatange/New Volume/conference_ai/venv/lib/python3.12/site-packages/django/db/models/base.py", line 874, in save
    self.save_base(
  File "/media/vijaipatange/New Volume/conference_ai/venv/lib/python3.12/site-packages/django/db/models/base.py", line 966, in save_base
    updated = self._save_table(
              ^^^^^^^^^^^^^^^^^
  File "/media/vijaipatange/New Volume/conference_ai/venv/lib/python3.12/site-packages/django/db/models/base.py", line 1169, in _save_table
    results = self._do_insert(
              ^^^^^^^^^^^^^^^^
  File "/media/vijaipatange/New Volume/conference_ai/venv/lib/python3.12/site-packages/django/db/models/base.py", line 1220, in _do_insert
    return manager._insert(
           ^^^^^^^^^^^^^^^^
  File "/media/vijaipatange/New Volume/conference_ai/venv/lib/python3.12/site-packages/django/db/models/manager.py", line 87, in manager_method
    return getattr(self.get_queryset(), name)(*args, **kwargs)
           ^^^^^^^^^^^^^^^^^^^^^^^^^^^^^^^^^^^^^^^^^^^^^^^^^^^
  File "/media/vijaipatange/New Volume/conference_ai/venv/lib/python3.12/site-packages/django/db/models/query.py", line 1918, in _insert
    return query.get_compiler(using=using).execute_sql(returning_fields)
           ^^^^^^^^^^^^^^^^^^^^^^^^^^^^^^^^^^^^^^^^^^^^^^^^^^^^^^^^^^^^^
  File "/media/vijaipatange/New Volume/conference_ai/venv/lib/python3.12/site-packages/django/db/models/sql/compiler.py", line 1925, in execute_sql
    cursor.execute(sql, params)
  File "/media/vijaipatange/New Volume/conference_ai/venv/lib/python3.12/site-packages/django/db/backends/utils.py", line 122, in execute
    return super().execute(sql, params)
           ^^^^^^^^^^^^^^^^^^^^^^^^^^^^
  File "/media/vijaipatange/New Volume/conference_ai/venv/lib/python3.12/site-packages/django/db/backends/utils.py", line 79, in execute
    return self._execute_with_wrappers(
           ^^^^^^^^^^^^^^^^^^^^^^^^^^^^
  File "/media/vijaipatange/New Volume/conference_ai/venv/lib/python3.12/site-packages/django/db/backends/utils.py", line 92, in _execute_with_wrappers
    return executor(sql, params, many, context)
           ^^^^^^^^^^^^^^^^^^^^^^^^^^^^^^^^^^^^
  File "/media/vijaipatange/New Volume/conference_ai/venv/lib/python3.12/site-packages/django/db/backends/utils.py", line 100, in _execute
    with self.db.wrap_database_errors:
  File "/media/vijaipatange/New Volume/conference_ai/venv/lib/python3.12/site-packages/django/db/utils.py", line 94, in __exit__
    raise dj_exc_value.with_traceback(traceback) from exc_value
  File "/media/vijaipatange/New Volume/conference_ai/venv/lib/python3.12/site-packages/django/db/backends/utils.py", line 105, in _execute
    return self.cursor.execute(sql, params)
           ^^^^^^^^^^^^^^^^^^^^^^^^^^^^^^^^
django.db.utils.IntegrityError: duplicate key value violates unique constraint "auth_user_username_key"
DETAIL:  Key (username)=(john3@example.com) already exists.

ERROR 2026-02-17 17:37:02,300 log 14151 125417911371456 "POST /api/events/join/ HTTP/1.1" 500 207877
INFO 2026-02-17 17:37:16,815 signals 14151 125417911371456 Generating embedding for attendee john2@example.com
INFO 2026-02-17 17:37:21,446 services 14151 125417911371456 InsightFace model loaded successfully
INFO 2026-02-17 17:37:23,966 services 14151 125417911371456 Generated embedding for /media/vijaipatange/New Volume/conference_ai/media/selfies/photo-1507003211169-0a1dd7228f2d_UVtlycd.jpeg
INFO 2026-02-17 17:37:24,005 signals 14151 125417911371456 Embedding saved for attendee john2@example.com
INFO 2026-02-17 17:37:24,012 log 14151 125417911371456 "POST /api/events/join/ HTTP/1.1" 201 266
INFO 2026-02-17 17:38:32,090 log 14151 125417809770176 "GET /api/attendees/1/ HTTP/1.1" 200 278
WARNING 2026-02-17 17:38:39,865 log 14151 125417809770176 Not Found: /api/attendees/6/
WARNING 2026-02-17 17:38:39,871 log 14151 125417809770176 "GET /api/attendees/6/ HTTP/1.1" 404 49
INFO 2026-02-17 17:38:44,703 log 14151 125417809770176 "GET /api/attendees/2/ HTTP/1.1" 200 287
WARNING 2026-02-17 17:39:57,181 log 14151 125417809770176 Method Not Allowed: /api/events/join/
WARNING 2026-02-17 17:39:57,186 log 14151 125417809770176 "GET /api/events/join/ HTTP/1.1" 405 40
WARNING 2026-02-17 17:39:57,657 log 14151 125417809770176 Not Found: /favicon.ico
WARNING 2026-02-17 17:39:57,657 log 14151 125417809770176 "GET /favicon.ico HTTP/1.1" 404 2853
WARNING 2026-02-17 17:42:18,734 log 14151 125417801377472 Not Found: /api/events/2/upload-image
WARNING 2026-02-17 17:42:18,737 log 14151 125417801377472 "POST /api/events/2/upload-image HTTP/1.1" 404 13083
INFO 2026-02-17 17:43:32,759 signals 14151 125417792984768 Queueing async processing for EventImage 1 (event=2)
INFO 2026-02-17 17:43:33,407 log 14151 125417792984768 "POST /api/events/2/upload_image/ HTTP/1.1" 201 180
INFO 2026-02-17 17:43:33,439 tasks 7052 135287494942848 Starting complete processing for EventImage 1
INFO 2026-02-17 17:43:33,447 face_processor 7052 135287494942848 Processing event image 1 from event 2
INFO 2026-02-17 17:43:37,313 services 7052 135287494942848 InsightFace model loaded successfully
INFO 2026-02-17 17:43:42,234 services 7052 135287494942848 Detected 4 faces in /media/vijaipatange/New Volume/conference_ai/media/event_images/photo-1552664730-d307ca884978.jpeg
DEBUG 2026-02-17 17:43:42,257 face_processor 7052 135287494942848 Similarity between detected face and attendee john3@example.com: 0.0292
DEBUG 2026-02-17 17:43:42,269 face_processor 7052 135287494942848 Similarity between detected face and attendee john2@example.com: 0.0292
INFO 2026-02-17 17:43:42,269 face_processor 7052 135287494942848 No match found (best similarity: 0.0292 < 0.6)
DEBUG 2026-02-17 17:43:42,341 face_processor 7052 135287494942848 Similarity between detected face and attendee john3@example.com: -0.0753
DEBUG 2026-02-17 17:43:42,346 face_processor 7052 135287494942848 Similarity between detected face and attendee john2@example.com: -0.0753
INFO 2026-02-17 17:43:42,347 face_processor 7052 135287494942848 No attendees to compare against
DEBUG 2026-02-17 17:43:42,378 face_processor 7052 135287494942848 Similarity between detected face and attendee john3@example.com: 0.0721
DEBUG 2026-02-17 17:43:42,386 face_processor 7052 135287494942848 Similarity between detected face and attendee john2@example.com: 0.0721
INFO 2026-02-17 17:43:42,386 face_processor 7052 135287494942848 No match found (best similarity: 0.0721 < 0.6)
DEBUG 2026-02-17 17:43:42,406 face_processor 7052 135287494942848 Similarity between detected face and attendee john3@example.com: -0.0028
DEBUG 2026-02-17 17:43:42,412 face_processor 7052 135287494942848 Similarity between detected face and attendee john2@example.com: -0.0028
INFO 2026-02-17 17:43:42,414 face_processor 7052 135287494942848 No attendees to compare against
INFO 2026-02-17 17:43:42,424 face_processor 7052 135287494942848 Created 4 DetectedFace records from 4 faces in event image 1
INFO 2026-02-17 17:43:42,427 tasks 7052 135287494942848 Detected 4 faces
DEBUG 2026-02-17 17:43:42,441 services 7052 135287494942848 Fewer than 2 matched attendees in image 1, no interactions to process
INFO 2026-02-17 17:43:42,443 tasks 7052 135287494942848 Created 0 interaction pairs
INFO 2026-02-17 17:43:42,445 tasks 7052 135287494942848 Completed full processing for EventImage 1
INFO 2026-02-17 17:44:12,173 log 14151 125417782494912 "GET /api/events/1/images/ HTTP/1.1" 200 2
INFO 2026-02-17 17:44:21,397 log 14151 125417782494912 "GET /api/events/2/images/ HTTP/1.1" 200 41023
INFO 2026-02-17 17:44:51,166 log 14151 125417782494912 "GET /api/detected-faces/2/ HTTP/1.1" 200 10134
INFO 2026-02-17 17:45:22,287 log 14151 125417809770176 "GET /api/events/2/images/ HTTP/1.1" 200 41023
ERROR 2026-02-17 17:46:50,118 log 14151 125417782494912 Internal Server Error: /api/detected-faces/stats/
Traceback (most recent call last):
  File "/media/vijaipatange/New Volume/conference_ai/venv/lib/python3.12/site-packages/django/core/handlers/exception.py", line 55, in inner
    response = get_response(request)
               ^^^^^^^^^^^^^^^^^^^^^
  File "/media/vijaipatange/New Volume/conference_ai/venv/lib/python3.12/site-packages/django/core/handlers/base.py", line 198, in _get_response
    response = wrapped_callback(request, *callback_args, **callback_kwargs)
               ^^^^^^^^^^^^^^^^^^^^^^^^^^^^^^^^^^^^^^^^^^^^^^^^^^^^^^^^^^^^
  File "/media/vijaipatange/New Volume/conference_ai/venv/lib/python3.12/site-packages/django/views/decorators/csrf.py", line 65, in _view_wrapper
    return view_func(request, *args, **kwargs)
           ^^^^^^^^^^^^^^^^^^^^^^^^^^^^^^^^^^^
  File "/media/vijaipatange/New Volume/conference_ai/venv/lib/python3.12/site-packages/rest_framework/viewsets.py", line 125, in view
    return self.dispatch(request, *args, **kwargs)
           ^^^^^^^^^^^^^^^^^^^^^^^^^^^^^^^^^^^^^^^
  File "/media/vijaipatange/New Volume/conference_ai/venv/lib/python3.12/site-packages/rest_framework/views.py", line 515, in dispatch
    response = self.handle_exception(exc)
               ^^^^^^^^^^^^^^^^^^^^^^^^^^
  File "/media/vijaipatange/New Volume/conference_ai/venv/lib/python3.12/site-packages/rest_framework/views.py", line 475, in handle_exception
    self.raise_uncaught_exception(exc)
  File "/media/vijaipatange/New Volume/conference_ai/venv/lib/python3.12/site-packages/rest_framework/views.py", line 486, in raise_uncaught_exception
    raise exc
  File "/media/vijaipatange/New Volume/conference_ai/venv/lib/python3.12/site-packages/rest_framework/views.py", line 512, in dispatch
    response = handler(request, *args, **kwargs)
               ^^^^^^^^^^^^^^^^^^^^^^^^^^^^^^^^^
  File "/media/vijaipatange/New Volume/conference_ai/recognition/views.py", line 112, in stats
    'total_faces': event.eventimage.count(),
                   ^^^^^^^^^^^^^^^^
AttributeError: 'Event' object has no attribute 'eventimage'. Did you mean: 'eventimage_set'?
ERROR 2026-02-17 17:46:50,120 log 14151 125417782494912 "GET /api/detected-faces/stats/ HTTP/1.1" 500 103958
INFO 2026-02-17 17:48:11,381 autoreload 15344 129001516433728 Watching for file changes with StatReloader
INFO 2026-02-17 17:49:03,750 autoreload 15344 129001516433728 /media/vijaipatange/New Volume/conference_ai/recognition/views.py changed, reloading.
INFO 2026-02-17 17:49:05,877 autoreload 15390 135422244864320 Watching for file changes with StatReloader
ERROR 2026-02-17 17:49:11,429 log 15390 135420955084480 Internal Server Error: /api/detected-faces/stats/
Traceback (most recent call last):
  File "/media/vijaipatange/New Volume/conference_ai/venv/lib/python3.12/site-packages/django/core/handlers/exception.py", line 55, in inner
    response = get_response(request)
               ^^^^^^^^^^^^^^^^^^^^^
  File "/media/vijaipatange/New Volume/conference_ai/venv/lib/python3.12/site-packages/django/core/handlers/base.py", line 198, in _get_response
    response = wrapped_callback(request, *callback_args, **callback_kwargs)
               ^^^^^^^^^^^^^^^^^^^^^^^^^^^^^^^^^^^^^^^^^^^^^^^^^^^^^^^^^^^^
  File "/media/vijaipatange/New Volume/conference_ai/venv/lib/python3.12/site-packages/django/views/decorators/csrf.py", line 65, in _view_wrapper
    return view_func(request, *args, **kwargs)
           ^^^^^^^^^^^^^^^^^^^^^^^^^^^^^^^^^^^
  File "/media/vijaipatange/New Volume/conference_ai/venv/lib/python3.12/site-packages/rest_framework/viewsets.py", line 125, in view
    return self.dispatch(request, *args, **kwargs)
           ^^^^^^^^^^^^^^^^^^^^^^^^^^^^^^^^^^^^^^^
  File "/media/vijaipatange/New Volume/conference_ai/venv/lib/python3.12/site-packages/rest_framework/views.py", line 515, in dispatch
    response = self.handle_exception(exc)
               ^^^^^^^^^^^^^^^^^^^^^^^^^^
  File "/media/vijaipatange/New Volume/conference_ai/venv/lib/python3.12/site-packages/rest_framework/views.py", line 475, in handle_exception
    self.raise_uncaught_exception(exc)
  File "/media/vijaipatange/New Volume/conference_ai/venv/lib/python3.12/site-packages/rest_framework/views.py", line 486, in raise_uncaught_exception
    raise exc
  File "/media/vijaipatange/New Volume/conference_ai/venv/lib/python3.12/site-packages/rest_framework/views.py", line 512, in dispatch
    response = handler(request, *args, **kwargs)
               ^^^^^^^^^^^^^^^^^^^^^^^^^^^^^^^^^
  File "/media/vijaipatange/New Volume/conference_ai/recognition/views.py", line 114, in stats
    'match_rate': (matched / event.eventimage.count() * 100) if event.eventimage.count() > 0 else 0
                                                                ^^^^^^^^^^^^^^^^
AttributeError: 'Event' object has no attribute 'eventimage'. Did you mean: 'eventimage_set'?
ERROR 2026-02-17 17:49:11,432 log 15390 135420955084480 "GET /api/detected-faces/stats/ HTTP/1.1" 500 104149
INFO 2026-02-17 17:49:52,424 autoreload 15390 135422244864320 /media/vijaipatange/New Volume/conference_ai/recognition/views.py changed, reloading.
INFO 2026-02-17 17:49:54,571 autoreload 15496 139862575993152 Watching for file changes with StatReloader
INFO 2026-02-17 17:49:57,423 log 15496 139861286602432 "GET /api/detected-faces/stats/ HTTP/1.1" 200 360
WARNING 2026-02-17 17:50:32,145 log 15496 139861286602432 Not Found: /api/interactions/top-combinations/
WARNING 2026-02-17 17:50:32,146 log 15496 139861286602432 "GET /api/interactions/top-combinations/?event_id=2&limit=10 HTTP/1.1" 404 23
WARNING 2026-02-17 17:50:43,267 log 15496 139861286602432 Not Found: /api/interactions/top-combinations/
WARNING 2026-02-17 17:50:43,267 log 15496 139861286602432 "GET /api/interactions/top-combinations/?event_id=2&limit=10 HTTP/1.1" 404 23
WARNING 2026-02-17 17:51:13,544 log 15496 139861286602432 Not Found: /api/interactions/top-combinations/
WARNING 2026-02-17 17:51:13,544 log 15496 139861286602432 "GET /api/interactions/top-combinations/?event_id=2 HTTP/1.1" 404 23
WARNING 2026-02-17 17:51:19,890 log 15496 139861286602432 Not Found: /api/interactions/top-combinations/
WARNING 2026-02-17 17:51:19,890 log 15496 139861286602432 "GET /api/interactions/top-combinations/ HTTP/1.1" 404 23
WARNING 2026-02-17 17:52:34,660 log 15496 139861276112576 Not Found: /api/interactions/my-connections/
WARNING 2026-02-17 17:52:34,660 log 15496 139861276112576 "GET /api/interactions/my-connections/?attendee_id=1&event_id=2 HTTP/1.1" 404 23
WARNING 2026-02-17 17:53:30,255 log 15496 139861276112576 Not Found: /api/interactions/my-connections/
WARNING 2026-02-17 17:53:30,256 log 15496 139861276112576 "GET /api/interactions/my-connections/?attendee_id=4&event_id=2 HTTP/1.1" 404 23
WARNING 2026-02-17 17:53:34,193 log 15496 139861276112576 Not Found: /api/interactions/my-connections/
WARNING 2026-02-17 17:53:34,194 log 15496 139861276112576 "GET /api/interactions/my-connections/?attendee_id=2&event_id=2 HTTP/1.1" 404 23
